C51 COMPILER V9.54   DELAY                                                                 02/26/2021 13:53:43 PAGE 1   


C51 COMPILER V9.54, COMPILATION OF MODULE DELAY
OBJECT MODULE PLACED IN .\Objects\delay.obj
COMPILER INVOKED BY: H:\Keil_v5\C51\BIN\C51.EXE H\delay.c COMPACT RTX51 OPTIMIZE(8,SPEED) BROWSE INCDIR(.\H;.\mcu_sdk;.\
                    -UART;.\0.96OLED;.\SHT30) DEBUG OBJECTEXTEND PRINT(.\Listings\delay.lst) TABS(2) OBJECT(.\Objects\delay.obj)

line level    source

   1          
   2          /*---------------------------------------------------------------------*/
   3          /* --- STC MCU International Limited ----------------------------------*/
   4          /* --- STC 1T Series MCU Demo Programme -------------------------------*/
   5          /* --- Mobile: (86)13922805190 ----------------------------------------*/
   6          /* --- Fax: 86-0513-55012956,55012947,55012969 ------------------------*/
   7          /* --- Tel: 86-0513-55012928,55012929,55012966 ------------------------*/
   8          /* --- Web: www.GXWMCU.com --------------------------------------------*/
   9          /* --- QQ:  800003751 -------------------------------------------------*/
  10          /* 如果要在程序中使用此代码,请在程序中注明使用了宏晶科技的资料及程序   */
  11          /*---------------------------------------------------------------------*/
  12          
  13          
  14          /*************  功能说明  **************
  15          
  16          本文件为STC15xxx系列的延时程序,用户几乎可以不修改这个程序.
  17          
  18          ******************************************/
  19          
  20          #include  "delay.h"
  21          
  22          
  23          
  24          //========================================================================
  25          // 函数: void  delay_ms(unsigned char ms)
  26          // 描述: 延时函数。
  27          // 参数: ms,要延时的ms数, 这里只支持(1~255ms). 自动适应主时钟.
  28          // 返回: none.
  29          // 版本: VER1.0
  30          // 日期: 2013-4-1
  31          // 备注: 
  32          //========================================================================
  33          void  delay_ms(unsigned int ms)
  34          {
  35   1           unsigned int i;
  36   1         do{
  37   2              i = MAIN_Fosc / 26000;
  38   2            while(--i)  ;   //14T per loop
  39   2           }while(--ms);
  40   1      }
  41          
  42          
  43          void  delay_us(unsigned int us)//@22.1184MHz
  44          {
  45   1           unsigned int i;
  46   1         do{
  47   2              i = 3;
  48   2            while(--i)  ;   //14T per loop
  49   2           }while(--us);
  50   1      }
  51          


MODULE INFORMATION:   STATIC OVERLAYABLE
C51 COMPILER V9.54   DELAY                                                                 02/26/2021 13:53:43 PAGE 2   

   CODE SIZE        =     46    ----
   CONSTANT SIZE    =   ----    ----
   XDATA SIZE       =   ----    ----
   PDATA SIZE       =   ----    ----
   DATA SIZE        =   ----    ----
   IDATA SIZE       =   ----    ----
   BIT SIZE         =   ----    ----
END OF MODULE INFORMATION.


C51 COMPILATION COMPLETE.  0 WARNING(S),  0 ERROR(S)
