C51 COMPILER V9.54   REDA_DATA                                                             02/27/2021 10:59:48 PAGE 1   


C51 COMPILER V9.54, COMPILATION OF MODULE REDA_DATA
OBJECT MODULE PLACED IN .\Objects\reda_data.obj
COMPILER INVOKED BY: H:\Keil_v5\C51\BIN\C51.EXE H\reda_data.c COMPACT RTX51 OPTIMIZE(8,SPEED) BROWSE INCDIR(.\H;.\mcu_sd
                    -k;.\UART;.\0.96OLED;.\SHT30) DEBUG OBJECTEXTEND PRINT(.\Listings\reda_data.lst) TABS(2) OBJECT(.\Objects\reda_data.obj)

line level    source

   1          #include  "main.h"
   2          
   3          
   4          
   5          
   6          
   7          
   8          
   9          
  10          
  11          
  12          
  13          
  14          
  15          
  16          
  17          
  18          
  19          
  20          
  21          
  22          
  23          
  24          
  25          
  26          
  27          
  28          
  29          
  30          


MODULE INFORMATION:   STATIC OVERLAYABLE
   CODE SIZE        =   ----    ----
   CONSTANT SIZE    =   ----    ----
   XDATA SIZE       =   ----    ----
   PDATA SIZE       =   ----    ----
   DATA SIZE        =   ----    ----
   IDATA SIZE       =   ----    ----
   BIT SIZE         =   ----    ----
END OF MODULE INFORMATION.


C51 COMPILATION COMPLETE.  0 WARNING(S),  0 ERROR(S)
